<?xml version='1.0' encoding='UTF-8'?>
<testsuite hostname="MacBook-Pro-Volodymyr.local" name="recfun.IndividualSuite" tests="4" errors="0" failures="0" skipped="0" time="0.021" timestamp="2022-06-13T11:55:59">
          <properties>
[...]
</properties>
          <testcase classname="recfun.IndividualSuite" name="individual: k=9 i=1 n=4 x=4" time="0.019">
                      
                    </testcase><testcase classname="recfun.IndividualSuite" name="individual: k=9 i=1 n=4 x=0" time="0.001">
                      
                    </testcase><testcase classname="recfun.IndividualSuite" name="individual: k=9 i=1 n=4 x=9" time="0.001">
                      
                    </testcase><testcase classname="recfun.IndividualSuite" name="individual: k=9 i=1 n=5 x=5" time="0.0">
                      
                    </testcase>
          <system-out><![CDATA[]]></system-out>
          <system-err><![CDATA[]]></system-err>
        </testsuite>